Arguments: 
  F:\Duc\dev\tool-dev\NodeJs\nodejs\node.exe C:\Users\duyen\AppData\Roaming\npm\node_modules\yarn\bin\yarn.js

PATH: 
  C:\Program Files\Common Files\Oracle\Java\javapath;C:\Windows\system32;C:\Windows;C:\Windows\System32\Wbem;C:\Windows\System32\WindowsPowerShell\v1.0\;C:\Windows\System32\OpenSSH\;F:\Duc\dev\tool-dev\git\New folder\Git\cmd;C:\Program Files (x86)\Microsoft SQL Server\160\Tools\Binn\;C:\Program Files\Microsoft SQL Server\160\Tools\Binn\;C:\Program Files\Microsoft SQL Server\Client SDK\ODBC\170\Tools\Binn\;C:\Program Files\Microsoft SQL Server\160\DTS\Binn\;C:\Program Files (x86)\Microsoft SQL Server\160\DTS\Binn\;C:\Program Files\Microsoft SQL Server\150\Tools\Binn\;F:\Duc\dev\tool-dev\nvm\New folder\nvm;F:\Duc\dev\tool-dev\NodeJs;F:\Duc\dev\tool-dev\NodeJs\nodejs\;C:\Program Files\dotnet\;C:\Users\duyen\AppData\Local\Microsoft\WindowsApps;C:\Users\duyen\AppData\Local\GitHubDesktop\bin;F:\Duc\dev\tool-dev\VSCode\appdata\Microsoft VS Code\bin;C:\Users\duyen\AppData\Roaming\npm;C:\Program Files\Azure Data Studio\bin;F:\Duc\dev\tool-dev\nvm\New folder\nvm;F:\Duc\dev\tool-dev\NodeJs;C:\Users\duyen\.dotnet\tools

Yarn version: 
  1.22.19

Node version: 
  18.15.0

Platform: 
  win32 x64

Trace: 
  Error: EPERM: operation not permitted, unlink 'F:\Duc\dev\Project\React\mern_estate\client\node_modules\@esbuild\win32-x64\esbuild.exe'

npm manifest: 
  {
    "name": "client",
    "private": true,
    "version": "0.0.0",
    "type": "module",
    "scripts": {
      "dev": "vite",
      "build": "vite build",
      "lint": "eslint . --ext js,jsx --report-unused-disable-directives --max-warnings 0",
      "preview": "vite preview"
    },
    "dependencies": {
      "react": "^18.2.0",
      "react-dom": "^18.2.0",
      "react-router-dom": "^6.22.3"
    },
    "devDependencies": {
      "@types/react": "^18.2.67",
      "@types/react-dom": "^18.2.21",
      "@vitejs/plugin-react-swc": "^3.5.0",
      "autoprefixer": "^10.4.18",
      "eslint": "^8.57.0",
      "eslint-plugin-react": "^7.34.1",
      "eslint-plugin-react-hooks": "^4.6.0",
      "eslint-plugin-react-refresh": "^0.4.5",
      "postcss": "^8.4.37",
      "tailwindcss": "^3.4.1",
      "vite": "^5.1.6"
    }
  }

yarn manifest: 
  No manifest

Lockfile: 
  No lockfile
